Building DAG of jobs...
Using shell: /usr/bin/bash
Provided cores: 16
Rules claiming more threads will be scaled down.
Job stats:
job            count
-----------  -------
reads_unzip        1
total              1

Select jobs to execute...

[Mon Jan 15 17:11:07 2024]
rule reads_unzip:
    output: reads-3.fastq
    jobid: 0
    reason: Missing output files: reads-3.fastq
    wildcards: sample=reads, n=3
    resources: tmpdir=/tmp

bzip2 -vcfdk raw_data/reads/Primary_polyp_AZK_3_ATTCCTTT_L002_R1_001.fastq.bz2 > raw_data/reads/reads-3.fastq
Terminating processes on user request, this might take some time.
[Mon Jan 15 17:18:51 2024]
Error in rule reads_unzip:
    jobid: 0
    output: reads-3.fastq
    shell:
        bzip2 -vcfdk raw_data/reads/Primary_polyp_AZK_3_ATTCCTTT_L002_R1_001.fastq.bz2 > raw_data/reads/reads-3.fastq
        (one of the commands exited with non-zero exit code; note that snakemake uses bash strict mode!)

Complete log: .snakemake/log/2024-01-15T171107.354793.snakemake.log
